{"C:\\Users\\easea\\OneDrive\\Documents\\onedrive\\version 1.1\\testing-with-jest\\cloneArray.js": {"path":"C:\\Users\\easea\\OneDrive\\Documents\\onedrive\\version 1.1\\testing-with-jest\\cloneArray.js","statementMap":{"0":{"start":{"line":2,"column":2},"end":{"line":2,"column":19}},"1":{"start":{"line":5,"column":0},"end":{"line":5,"column":28}}},"fnMap":{"0":{"name":"cloneArray","decl":{"start":{"line":1,"column":9},"end":{"line":1,"column":19}},"loc":{"start":{"line":1,"column":27},"end":{"line":3,"column":1}},"line":1}},"branchMap":{},"s":{"0":2,"1":1},"f":{"0":2},"b":{},"_coverageSchema":"1a1c01bbd47fc00a2c39e90264f33305004495a9","hash":"d846796416c7b265fa017a8606605e8a8888a5ba"}
,"C:\\Users\\easea\\OneDrive\\Documents\\onedrive\\version 1.1\\testing-with-jest\\subtract.js": {"path":"C:\\Users\\easea\\OneDrive\\Documents\\onedrive\\version 1.1\\testing-with-jest\\subtract.js","statementMap":{"0":{"start":{"line":2,"column":2},"end":{"line":2,"column":15}},"1":{"start":{"line":4,"column":0},"end":{"line":4,"column":26}}},"fnMap":{"0":{"name":"subtract","decl":{"start":{"line":1,"column":10},"end":{"line":1,"column":18}},"loc":{"start":{"line":1,"column":25},"end":{"line":3,"column":1}},"line":1}},"branchMap":{},"s":{"0":1,"1":1},"f":{"0":1},"b":{},"_coverageSchema":"1a1c01bbd47fc00a2c39e90264f33305004495a9","hash":"4e010facef3985f40b32b8c6f79f72262644d09c"}
,"C:\\Users\\easea\\OneDrive\\Documents\\onedrive\\version 1.1\\testing-with-jest\\sum.js": {"path":"C:\\Users\\easea\\OneDrive\\Documents\\onedrive\\version 1.1\\testing-with-jest\\sum.js","statementMap":{"0":{"start":{"line":2,"column":2},"end":{"line":2,"column":15}},"1":{"start":{"line":5,"column":2},"end":{"line":5,"column":24}},"2":{"start":{"line":7,"column":0},"end":{"line":7,"column":21}}},"fnMap":{"0":{"name":"sum","decl":{"start":{"line":1,"column":9},"end":{"line":1,"column":12}},"loc":{"start":{"line":1,"column":19},"end":{"line":3,"column":1}},"line":1},"1":{"name":"helper","decl":{"start":{"line":4,"column":9},"end":{"line":4,"column":15}},"loc":{"start":{"line":4,"column":18},"end":{"line":6,"column":1}},"line":4}},"branchMap":{},"s":{"0":1,"1":0,"2":1},"f":{"0":1,"1":0},"b":{},"_coverageSchema":"1a1c01bbd47fc00a2c39e90264f33305004495a9","hash":"771582412ed14433dbedf72ef4c8018d64d87e34"}
}
